     1                                  	section .data
     2 00000000 507265737320456E74-     ExitMsg db "Press Enter to Exit",10
     2 00000009 657220746F20457869-
     2 00000012 740A               
     3                                  lenExit equ $-ExitMsg
     4 00000014 E2FF                    A dw -30
     5 00000016 1500                    B dw 21
     6                                  	section .bss
     7 00000000 <res 0000000A>          InBuf resb 10 ; буфер для вводимой строки
     8                                  lenIn equ $-InBuf
     9 0000000A <res 00000004>          X resd 1
    10                                  	section .text
    11                                  	global _start
    12                                  _start:
    13 00000000 8B0425[14000000]        mov eax, [A]
    14 00000007 83C005                  add eax, 5
    15 0000000A 2B0425[16000000]        sub eax, [B]
    16 00000011 890425[0A000000]        mov [X], eax
    17                                  
    18                                  ; bb method
    19                                  ; write
    20 00000018 B801000000              mov rax, 1 ; системная функция 1 (write)
    21 0000001D BF01000000              mov rdi, 1 ; дескриптор файла stdout=1
    22 00000022 48BE-                   mov rsi, ExitMsg ; адрес выводимой строки
    22 00000024 [0000000000000000] 
    23 0000002C BA14000000              mov rdx, lenExit ; длина строки
    24                                  ; вызов системной функции
    25 00000031 0F05                    syscall
    26                                  ; read
    27 00000033 B800000000              mov rax, 0 ; системная функция 0 (read)
    28 00000038 BF00000000              mov rdi, 0 ; дескриптор файла stdin=0
    29 0000003D 48BE-                   mov rsi, InBuf ; адрес вводимой строки
    29 0000003F [0000000000000000] 
    30 00000047 BA0A000000              mov rdx, lenIn ; длина строки
    31                                  ; вызов системной функции
    32 0000004C 0F05                    syscall
    33                                  ; exit
    34 0000004E B83C000000              mov rax, 60 ; системная функция 60 (exit)
    35 00000053 4831FF                  xor rdi, rdi ; return code 0
    36 00000056 0F05                    syscall
    37                                  ; вызов системной функции
